<?xml version="1.0" encoding="UTF-8"?>
<testsuite xmlns:xsi="http://www.w3.org/2001/XMLSchema-instance" xsi:noNamespaceSchemaLocation="https://maven.apache.org/surefire/maven-surefire-plugin/xsd/surefire-test-report-3.0.xsd" version="3.0" name="com.blumbit.cursosonlineservice.CursosOnlineServiceApplicationTests" time="24.835" tests="1" errors="0" skipped="0" failures="0">
  <properties>
    <property name="java.specification.version" value="21"/>
    <property name="sun.jnu.encoding" value="UTF-8"/>
    <property name="java.class.path" value="/home/david/Documents/blumbit/spring-angular-v3/cursos-online-service/target/test-classes:/home/david/Documents/blumbit/spring-angular-v3/cursos-online-service/target/classes:/home/david/.m2/repository/org/springframework/boot/spring-boot-starter-security/3.2.4/spring-boot-starter-security-3.2.4.jar:/home/david/.m2/repository/org/springframework/boot/spring-boot-starter/3.2.4/spring-boot-starter-3.2.4.jar:/home/david/.m2/repository/org/springframework/boot/spring-boot-starter-logging/3.2.4/spring-boot-starter-logging-3.2.4.jar:/home/david/.m2/repository/ch/qos/logback/logback-classic/1.4.14/logback-classic-1.4.14.jar:/home/david/.m2/repository/ch/qos/logback/logback-core/1.4.14/logback-core-1.4.14.jar:/home/david/.m2/repository/org/apache/logging/log4j/log4j-to-slf4j/2.21.1/log4j-to-slf4j-2.21.1.jar:/home/david/.m2/repository/org/apache/logging/log4j/log4j-api/2.21.1/log4j-api-2.21.1.jar:/home/david/.m2/repository/org/slf4j/jul-to-slf4j/2.0.12/jul-to-slf4j-2.0.12.jar:/home/david/.m2/repository/jakarta/annotation/jakarta.annotation-api/2.1.1/jakarta.annotation-api-2.1.1.jar:/home/david/.m2/repository/org/yaml/snakeyaml/2.2/snakeyaml-2.2.jar:/home/david/.m2/repository/org/springframework/spring-aop/6.1.5/spring-aop-6.1.5.jar:/home/david/.m2/repository/org/springframework/spring-beans/6.1.5/spring-beans-6.1.5.jar:/home/david/.m2/repository/org/springframework/security/spring-security-config/6.2.3/spring-security-config-6.2.3.jar:/home/david/.m2/repository/org/springframework/spring-context/6.1.5/spring-context-6.1.5.jar:/home/david/.m2/repository/org/springframework/security/spring-security-web/6.2.3/spring-security-web-6.2.3.jar:/home/david/.m2/repository/org/springframework/spring-expression/6.1.5/spring-expression-6.1.5.jar:/home/david/.m2/repository/org/springframework/boot/spring-boot-starter-data-jpa/3.2.4/spring-boot-starter-data-jpa-3.2.4.jar:/home/david/.m2/repository/org/springframework/boot/spring-boot-starter-aop/3.2.4/spring-boot-starter-aop-3.2.4.jar:/home/david/.m2/repository/org/aspectj/aspectjweaver/1.9.21/aspectjweaver-1.9.21.jar:/home/david/.m2/repository/org/springframework/boot/spring-boot-starter-jdbc/3.2.4/spring-boot-starter-jdbc-3.2.4.jar:/home/david/.m2/repository/com/zaxxer/HikariCP/5.0.1/HikariCP-5.0.1.jar:/home/david/.m2/repository/org/springframework/spring-jdbc/6.1.5/spring-jdbc-6.1.5.jar:/home/david/.m2/repository/org/hibernate/orm/hibernate-core/6.4.4.Final/hibernate-core-6.4.4.Final.jar:/home/david/.m2/repository/jakarta/persistence/jakarta.persistence-api/3.1.0/jakarta.persistence-api-3.1.0.jar:/home/david/.m2/repository/jakarta/transaction/jakarta.transaction-api/2.0.1/jakarta.transaction-api-2.0.1.jar:/home/david/.m2/repository/org/jboss/logging/jboss-logging/3.5.3.Final/jboss-logging-3.5.3.Final.jar:/home/david/.m2/repository/org/hibernate/common/hibernate-commons-annotations/6.0.6.Final/hibernate-commons-annotations-6.0.6.Final.jar:/home/david/.m2/repository/io/smallrye/jandex/3.1.2/jandex-3.1.2.jar:/home/david/.m2/repository/com/fasterxml/classmate/1.6.0/classmate-1.6.0.jar:/home/david/.m2/repository/net/bytebuddy/byte-buddy/1.14.12/byte-buddy-1.14.12.jar:/home/david/.m2/repository/org/glassfish/jaxb/jaxb-runtime/4.0.5/jaxb-runtime-4.0.5.jar:/home/david/.m2/repository/org/glassfish/jaxb/jaxb-core/4.0.5/jaxb-core-4.0.5.jar:/home/david/.m2/repository/org/eclipse/angus/angus-activation/2.0.2/angus-activation-2.0.2.jar:/home/david/.m2/repository/org/glassfish/jaxb/txw2/4.0.5/txw2-4.0.5.jar:/home/david/.m2/repository/com/sun/istack/istack-commons-runtime/4.1.2/istack-commons-runtime-4.1.2.jar:/home/david/.m2/repository/jakarta/inject/jakarta.inject-api/2.0.1/jakarta.inject-api-2.0.1.jar:/home/david/.m2/repository/org/antlr/antlr4-runtime/4.13.0/antlr4-runtime-4.13.0.jar:/home/david/.m2/repository/org/springframework/data/spring-data-jpa/3.2.4/spring-data-jpa-3.2.4.jar:/home/david/.m2/repository/org/springframework/data/spring-data-commons/3.2.4/spring-data-commons-3.2.4.jar:/home/david/.m2/repository/org/springframework/spring-orm/6.1.5/spring-orm-6.1.5.jar:/home/david/.m2/repository/org/springframework/spring-tx/6.1.5/spring-tx-6.1.5.jar:/home/david/.m2/repository/org/springframework/spring-aspects/6.1.5/spring-aspects-6.1.5.jar:/home/david/.m2/repository/org/springframework/boot/spring-boot-starter-web/3.2.4/spring-boot-starter-web-3.2.4.jar:/home/david/.m2/repository/org/springframework/boot/spring-boot-starter-json/3.2.4/spring-boot-starter-json-3.2.4.jar:/home/david/.m2/repository/com/fasterxml/jackson/datatype/jackson-datatype-jdk8/2.15.4/jackson-datatype-jdk8-2.15.4.jar:/home/david/.m2/repository/com/fasterxml/jackson/datatype/jackson-datatype-jsr310/2.15.4/jackson-datatype-jsr310-2.15.4.jar:/home/david/.m2/repository/com/fasterxml/jackson/module/jackson-module-parameter-names/2.15.4/jackson-module-parameter-names-2.15.4.jar:/home/david/.m2/repository/org/springframework/boot/spring-boot-starter-tomcat/3.2.4/spring-boot-starter-tomcat-3.2.4.jar:/home/david/.m2/repository/org/apache/tomcat/embed/tomcat-embed-core/10.1.19/tomcat-embed-core-10.1.19.jar:/home/david/.m2/repository/org/apache/tomcat/embed/tomcat-embed-websocket/10.1.19/tomcat-embed-websocket-10.1.19.jar:/home/david/.m2/repository/org/springframework/spring-web/6.1.5/spring-web-6.1.5.jar:/home/david/.m2/repository/io/micrometer/micrometer-observation/1.12.4/micrometer-observation-1.12.4.jar:/home/david/.m2/repository/io/micrometer/micrometer-commons/1.12.4/micrometer-commons-1.12.4.jar:/home/david/.m2/repository/org/springframework/spring-webmvc/6.1.5/spring-webmvc-6.1.5.jar:/home/david/.m2/repository/org/springframework/boot/spring-boot-devtools/3.2.4/spring-boot-devtools-3.2.4.jar:/home/david/.m2/repository/org/springframework/boot/spring-boot/3.2.4/spring-boot-3.2.4.jar:/home/david/.m2/repository/org/springframework/boot/spring-boot-autoconfigure/3.2.4/spring-boot-autoconfigure-3.2.4.jar:/home/david/.m2/repository/com/auth0/java-jwt/4.4.0/java-jwt-4.4.0.jar:/home/david/.m2/repository/com/fasterxml/jackson/core/jackson-databind/2.15.4/jackson-databind-2.15.4.jar:/home/david/.m2/repository/com/fasterxml/jackson/core/jackson-annotations/2.15.4/jackson-annotations-2.15.4.jar:/home/david/.m2/repository/com/fasterxml/jackson/core/jackson-core/2.15.4/jackson-core-2.15.4.jar:/home/david/.m2/repository/org/postgresql/postgresql/42.6.2/postgresql-42.6.2.jar:/home/david/.m2/repository/org/checkerframework/checker-qual/3.31.0/checker-qual-3.31.0.jar:/home/david/.m2/repository/org/projectlombok/lombok/1.18.30/lombok-1.18.30.jar:/home/david/.m2/repository/org/springframework/boot/spring-boot-starter-test/3.2.4/spring-boot-starter-test-3.2.4.jar:/home/david/.m2/repository/org/springframework/boot/spring-boot-test/3.2.4/spring-boot-test-3.2.4.jar:/home/david/.m2/repository/org/springframework/boot/spring-boot-test-autoconfigure/3.2.4/spring-boot-test-autoconfigure-3.2.4.jar:/home/david/.m2/repository/com/jayway/jsonpath/json-path/2.9.0/json-path-2.9.0.jar:/home/david/.m2/repository/jakarta/xml/bind/jakarta.xml.bind-api/4.0.2/jakarta.xml.bind-api-4.0.2.jar:/home/david/.m2/repository/jakarta/activation/jakarta.activation-api/2.1.3/jakarta.activation-api-2.1.3.jar:/home/david/.m2/repository/net/minidev/json-smart/2.5.0/json-smart-2.5.0.jar:/home/david/.m2/repository/net/minidev/accessors-smart/2.5.0/accessors-smart-2.5.0.jar:/home/david/.m2/repository/org/ow2/asm/asm/9.3/asm-9.3.jar:/home/david/.m2/repository/org/assertj/assertj-core/3.24.2/assertj-core-3.24.2.jar:/home/david/.m2/repository/org/awaitility/awaitility/4.2.0/awaitility-4.2.0.jar:/home/david/.m2/repository/org/hamcrest/hamcrest/2.2/hamcrest-2.2.jar:/home/david/.m2/repository/org/junit/jupiter/junit-jupiter/5.10.2/junit-jupiter-5.10.2.jar:/home/david/.m2/repository/org/junit/jupiter/junit-jupiter-api/5.10.2/junit-jupiter-api-5.10.2.jar:/home/david/.m2/repository/org/opentest4j/opentest4j/1.3.0/opentest4j-1.3.0.jar:/home/david/.m2/repository/org/junit/platform/junit-platform-commons/1.10.2/junit-platform-commons-1.10.2.jar:/home/david/.m2/repository/org/apiguardian/apiguardian-api/1.1.2/apiguardian-api-1.1.2.jar:/home/david/.m2/repository/org/junit/jupiter/junit-jupiter-params/5.10.2/junit-jupiter-params-5.10.2.jar:/home/david/.m2/repository/org/junit/jupiter/junit-jupiter-engine/5.10.2/junit-jupiter-engine-5.10.2.jar:/home/david/.m2/repository/org/junit/platform/junit-platform-engine/1.10.2/junit-platform-engine-1.10.2.jar:/home/david/.m2/repository/org/mockito/mockito-core/5.7.0/mockito-core-5.7.0.jar:/home/david/.m2/repository/net/bytebuddy/byte-buddy-agent/1.14.12/byte-buddy-agent-1.14.12.jar:/home/david/.m2/repository/org/objenesis/objenesis/3.3/objenesis-3.3.jar:/home/david/.m2/repository/org/mockito/mockito-junit-jupiter/5.7.0/mockito-junit-jupiter-5.7.0.jar:/home/david/.m2/repository/org/skyscreamer/jsonassert/1.5.1/jsonassert-1.5.1.jar:/home/david/.m2/repository/com/vaadin/external/google/android-json/0.0.20131108.vaadin1/android-json-0.0.20131108.vaadin1.jar:/home/david/.m2/repository/org/springframework/spring-core/6.1.5/spring-core-6.1.5.jar:/home/david/.m2/repository/org/springframework/spring-jcl/6.1.5/spring-jcl-6.1.5.jar:/home/david/.m2/repository/org/springframework/spring-test/6.1.5/spring-test-6.1.5.jar:/home/david/.m2/repository/org/xmlunit/xmlunit-core/2.9.1/xmlunit-core-2.9.1.jar:/home/david/.m2/repository/org/springframework/security/spring-security-test/6.2.3/spring-security-test-6.2.3.jar:/home/david/.m2/repository/org/springframework/security/spring-security-core/6.2.3/spring-security-core-6.2.3.jar:/home/david/.m2/repository/org/springframework/security/spring-security-crypto/6.2.3/spring-security-crypto-6.2.3.jar:/home/david/.m2/repository/org/springdoc/springdoc-openapi-starter-webmvc-ui/2.5.0/springdoc-openapi-starter-webmvc-ui-2.5.0.jar:/home/david/.m2/repository/org/springdoc/springdoc-openapi-starter-webmvc-api/2.5.0/springdoc-openapi-starter-webmvc-api-2.5.0.jar:/home/david/.m2/repository/org/springdoc/springdoc-openapi-starter-common/2.5.0/springdoc-openapi-starter-common-2.5.0.jar:/home/david/.m2/repository/io/swagger/core/v3/swagger-core-jakarta/2.2.21/swagger-core-jakarta-2.2.21.jar:/home/david/.m2/repository/org/apache/commons/commons-lang3/3.13.0/commons-lang3-3.13.0.jar:/home/david/.m2/repository/io/swagger/core/v3/swagger-annotations-jakarta/2.2.21/swagger-annotations-jakarta-2.2.21.jar:/home/david/.m2/repository/io/swagger/core/v3/swagger-models-jakarta/2.2.21/swagger-models-jakarta-2.2.21.jar:/home/david/.m2/repository/com/fasterxml/jackson/dataformat/jackson-dataformat-yaml/2.15.4/jackson-dataformat-yaml-2.15.4.jar:/home/david/.m2/repository/org/webjars/swagger-ui/5.13.0/swagger-ui-5.13.0.jar:/home/david/.m2/repository/org/springframework/boot/spring-boot-starter-validation/3.2.4/spring-boot-starter-validation-3.2.4.jar:/home/david/.m2/repository/org/apache/tomcat/embed/tomcat-embed-el/10.1.19/tomcat-embed-el-10.1.19.jar:/home/david/.m2/repository/org/hibernate/validator/hibernate-validator/8.0.1.Final/hibernate-validator-8.0.1.Final.jar:/home/david/.m2/repository/jakarta/validation/jakarta.validation-api/3.0.2/jakarta.validation-api-3.0.2.jar:/home/david/.m2/repository/org/xhtmlrenderer/flying-saucer-pdf/9.7.2/flying-saucer-pdf-9.7.2.jar:/home/david/.m2/repository/org/xhtmlrenderer/flying-saucer-core/9.7.2/flying-saucer-core-9.7.2.jar:/home/david/.m2/repository/com/github/librepdf/openpdf/2.0.2/openpdf-2.0.2.jar:/home/david/.m2/repository/com/google/code/findbugs/jsr305/3.0.2/jsr305-3.0.2.jar:/home/david/.m2/repository/org/slf4j/slf4j-api/2.0.12/slf4j-api-2.0.12.jar:/home/david/.m2/repository/org/springframework/boot/spring-boot-starter-thymeleaf/3.2.5/spring-boot-starter-thymeleaf-3.2.5.jar:/home/david/.m2/repository/org/thymeleaf/thymeleaf-spring6/3.1.2.RELEASE/thymeleaf-spring6-3.1.2.RELEASE.jar:/home/david/.m2/repository/nz/net/ultraq/thymeleaf/thymeleaf-layout-dialect/3.3.0/thymeleaf-layout-dialect-3.3.0.jar:/home/david/.m2/repository/org/apache/groovy/groovy/4.0.20/groovy-4.0.20.jar:/home/david/.m2/repository/nz/net/ultraq/groovy/groovy-extensions/2.1.0/groovy-extensions-2.1.0.jar:/home/david/.m2/repository/nz/net/ultraq/thymeleaf/thymeleaf-expression-processor/3.2.0/thymeleaf-expression-processor-3.2.0.jar:/home/david/.m2/repository/org/thymeleaf/thymeleaf/3.1.2.RELEASE/thymeleaf-3.1.2.RELEASE.jar:/home/david/.m2/repository/ognl/ognl/3.3.4/ognl-3.3.4.jar:/home/david/.m2/repository/org/javassist/javassist/3.29.0-GA/javassist-3.29.0-GA.jar:/home/david/.m2/repository/org/attoparser/attoparser/2.0.7.RELEASE/attoparser-2.0.7.RELEASE.jar:/home/david/.m2/repository/org/unbescape/unbescape/1.1.6.RELEASE/unbescape-1.1.6.RELEASE.jar:/home/david/.m2/repository/com/github/jtidy/jtidy/1.0.5/jtidy-1.0.5.jar:"/>
    <property name="java.vm.vendor" value="Amazon.com Inc."/>
    <property name="sun.arch.data.model" value="64"/>
    <property name="java.vendor.url" value="https://aws.amazon.com/corretto/"/>
    <property name="user.timezone" value="America/La_Paz"/>
    <property name="org.jboss.logging.provider" value="slf4j"/>
    <property name="os.name" value="Linux"/>
    <property name="java.vm.specification.version" value="21"/>
    <property name="sun.java.launcher" value="SUN_STANDARD"/>
    <property name="user.country" value="US"/>
    <property name="sun.boot.library.path" value="/home/david/.jdks/corretto-21.0.2/lib"/>
    <property name="sun.java.command" value="/home/david/Documents/blumbit/spring-angular-v3/cursos-online-service/target/surefire/surefirebooter-20240526204836864_3.jar /home/david/Documents/blumbit/spring-angular-v3/cursos-online-service/target/surefire 2024-05-26T20-48-32_421-jvmRun1 surefire-20240526204836864_1tmp surefire_0-20240526204836864_2tmp"/>
    <property name="jdk.debug" value="release"/>
    <property name="surefire.test.class.path" value="/home/david/Documents/blumbit/spring-angular-v3/cursos-online-service/target/test-classes:/home/david/Documents/blumbit/spring-angular-v3/cursos-online-service/target/classes:/home/david/.m2/repository/org/springframework/boot/spring-boot-starter-security/3.2.4/spring-boot-starter-security-3.2.4.jar:/home/david/.m2/repository/org/springframework/boot/spring-boot-starter/3.2.4/spring-boot-starter-3.2.4.jar:/home/david/.m2/repository/org/springframework/boot/spring-boot-starter-logging/3.2.4/spring-boot-starter-logging-3.2.4.jar:/home/david/.m2/repository/ch/qos/logback/logback-classic/1.4.14/logback-classic-1.4.14.jar:/home/david/.m2/repository/ch/qos/logback/logback-core/1.4.14/logback-core-1.4.14.jar:/home/david/.m2/repository/org/apache/logging/log4j/log4j-to-slf4j/2.21.1/log4j-to-slf4j-2.21.1.jar:/home/david/.m2/repository/org/apache/logging/log4j/log4j-api/2.21.1/log4j-api-2.21.1.jar:/home/david/.m2/repository/org/slf4j/jul-to-slf4j/2.0.12/jul-to-slf4j-2.0.12.jar:/home/david/.m2/repository/jakarta/annotation/jakarta.annotation-api/2.1.1/jakarta.annotation-api-2.1.1.jar:/home/david/.m2/repository/org/yaml/snakeyaml/2.2/snakeyaml-2.2.jar:/home/david/.m2/repository/org/springframework/spring-aop/6.1.5/spring-aop-6.1.5.jar:/home/david/.m2/repository/org/springframework/spring-beans/6.1.5/spring-beans-6.1.5.jar:/home/david/.m2/repository/org/springframework/security/spring-security-config/6.2.3/spring-security-config-6.2.3.jar:/home/david/.m2/repository/org/springframework/spring-context/6.1.5/spring-context-6.1.5.jar:/home/david/.m2/repository/org/springframework/security/spring-security-web/6.2.3/spring-security-web-6.2.3.jar:/home/david/.m2/repository/org/springframework/spring-expression/6.1.5/spring-expression-6.1.5.jar:/home/david/.m2/repository/org/springframework/boot/spring-boot-starter-data-jpa/3.2.4/spring-boot-starter-data-jpa-3.2.4.jar:/home/david/.m2/repository/org/springframework/boot/spring-boot-starter-aop/3.2.4/spring-boot-starter-aop-3.2.4.jar:/home/david/.m2/repository/org/aspectj/aspectjweaver/1.9.21/aspectjweaver-1.9.21.jar:/home/david/.m2/repository/org/springframework/boot/spring-boot-starter-jdbc/3.2.4/spring-boot-starter-jdbc-3.2.4.jar:/home/david/.m2/repository/com/zaxxer/HikariCP/5.0.1/HikariCP-5.0.1.jar:/home/david/.m2/repository/org/springframework/spring-jdbc/6.1.5/spring-jdbc-6.1.5.jar:/home/david/.m2/repository/org/hibernate/orm/hibernate-core/6.4.4.Final/hibernate-core-6.4.4.Final.jar:/home/david/.m2/repository/jakarta/persistence/jakarta.persistence-api/3.1.0/jakarta.persistence-api-3.1.0.jar:/home/david/.m2/repository/jakarta/transaction/jakarta.transaction-api/2.0.1/jakarta.transaction-api-2.0.1.jar:/home/david/.m2/repository/org/jboss/logging/jboss-logging/3.5.3.Final/jboss-logging-3.5.3.Final.jar:/home/david/.m2/repository/org/hibernate/common/hibernate-commons-annotations/6.0.6.Final/hibernate-commons-annotations-6.0.6.Final.jar:/home/david/.m2/repository/io/smallrye/jandex/3.1.2/jandex-3.1.2.jar:/home/david/.m2/repository/com/fasterxml/classmate/1.6.0/classmate-1.6.0.jar:/home/david/.m2/repository/net/bytebuddy/byte-buddy/1.14.12/byte-buddy-1.14.12.jar:/home/david/.m2/repository/org/glassfish/jaxb/jaxb-runtime/4.0.5/jaxb-runtime-4.0.5.jar:/home/david/.m2/repository/org/glassfish/jaxb/jaxb-core/4.0.5/jaxb-core-4.0.5.jar:/home/david/.m2/repository/org/eclipse/angus/angus-activation/2.0.2/angus-activation-2.0.2.jar:/home/david/.m2/repository/org/glassfish/jaxb/txw2/4.0.5/txw2-4.0.5.jar:/home/david/.m2/repository/com/sun/istack/istack-commons-runtime/4.1.2/istack-commons-runtime-4.1.2.jar:/home/david/.m2/repository/jakarta/inject/jakarta.inject-api/2.0.1/jakarta.inject-api-2.0.1.jar:/home/david/.m2/repository/org/antlr/antlr4-runtime/4.13.0/antlr4-runtime-4.13.0.jar:/home/david/.m2/repository/org/springframework/data/spring-data-jpa/3.2.4/spring-data-jpa-3.2.4.jar:/home/david/.m2/repository/org/springframework/data/spring-data-commons/3.2.4/spring-data-commons-3.2.4.jar:/home/david/.m2/repository/org/springframework/spring-orm/6.1.5/spring-orm-6.1.5.jar:/home/david/.m2/repository/org/springframework/spring-tx/6.1.5/spring-tx-6.1.5.jar:/home/david/.m2/repository/org/springframework/spring-aspects/6.1.5/spring-aspects-6.1.5.jar:/home/david/.m2/repository/org/springframework/boot/spring-boot-starter-web/3.2.4/spring-boot-starter-web-3.2.4.jar:/home/david/.m2/repository/org/springframework/boot/spring-boot-starter-json/3.2.4/spring-boot-starter-json-3.2.4.jar:/home/david/.m2/repository/com/fasterxml/jackson/datatype/jackson-datatype-jdk8/2.15.4/jackson-datatype-jdk8-2.15.4.jar:/home/david/.m2/repository/com/fasterxml/jackson/datatype/jackson-datatype-jsr310/2.15.4/jackson-datatype-jsr310-2.15.4.jar:/home/david/.m2/repository/com/fasterxml/jackson/module/jackson-module-parameter-names/2.15.4/jackson-module-parameter-names-2.15.4.jar:/home/david/.m2/repository/org/springframework/boot/spring-boot-starter-tomcat/3.2.4/spring-boot-starter-tomcat-3.2.4.jar:/home/david/.m2/repository/org/apache/tomcat/embed/tomcat-embed-core/10.1.19/tomcat-embed-core-10.1.19.jar:/home/david/.m2/repository/org/apache/tomcat/embed/tomcat-embed-websocket/10.1.19/tomcat-embed-websocket-10.1.19.jar:/home/david/.m2/repository/org/springframework/spring-web/6.1.5/spring-web-6.1.5.jar:/home/david/.m2/repository/io/micrometer/micrometer-observation/1.12.4/micrometer-observation-1.12.4.jar:/home/david/.m2/repository/io/micrometer/micrometer-commons/1.12.4/micrometer-commons-1.12.4.jar:/home/david/.m2/repository/org/springframework/spring-webmvc/6.1.5/spring-webmvc-6.1.5.jar:/home/david/.m2/repository/org/springframework/boot/spring-boot-devtools/3.2.4/spring-boot-devtools-3.2.4.jar:/home/david/.m2/repository/org/springframework/boot/spring-boot/3.2.4/spring-boot-3.2.4.jar:/home/david/.m2/repository/org/springframework/boot/spring-boot-autoconfigure/3.2.4/spring-boot-autoconfigure-3.2.4.jar:/home/david/.m2/repository/com/auth0/java-jwt/4.4.0/java-jwt-4.4.0.jar:/home/david/.m2/repository/com/fasterxml/jackson/core/jackson-databind/2.15.4/jackson-databind-2.15.4.jar:/home/david/.m2/repository/com/fasterxml/jackson/core/jackson-annotations/2.15.4/jackson-annotations-2.15.4.jar:/home/david/.m2/repository/com/fasterxml/jackson/core/jackson-core/2.15.4/jackson-core-2.15.4.jar:/home/david/.m2/repository/org/postgresql/postgresql/42.6.2/postgresql-42.6.2.jar:/home/david/.m2/repository/org/checkerframework/checker-qual/3.31.0/checker-qual-3.31.0.jar:/home/david/.m2/repository/org/projectlombok/lombok/1.18.30/lombok-1.18.30.jar:/home/david/.m2/repository/org/springframework/boot/spring-boot-starter-test/3.2.4/spring-boot-starter-test-3.2.4.jar:/home/david/.m2/repository/org/springframework/boot/spring-boot-test/3.2.4/spring-boot-test-3.2.4.jar:/home/david/.m2/repository/org/springframework/boot/spring-boot-test-autoconfigure/3.2.4/spring-boot-test-autoconfigure-3.2.4.jar:/home/david/.m2/repository/com/jayway/jsonpath/json-path/2.9.0/json-path-2.9.0.jar:/home/david/.m2/repository/jakarta/xml/bind/jakarta.xml.bind-api/4.0.2/jakarta.xml.bind-api-4.0.2.jar:/home/david/.m2/repository/jakarta/activation/jakarta.activation-api/2.1.3/jakarta.activation-api-2.1.3.jar:/home/david/.m2/repository/net/minidev/json-smart/2.5.0/json-smart-2.5.0.jar:/home/david/.m2/repository/net/minidev/accessors-smart/2.5.0/accessors-smart-2.5.0.jar:/home/david/.m2/repository/org/ow2/asm/asm/9.3/asm-9.3.jar:/home/david/.m2/repository/org/assertj/assertj-core/3.24.2/assertj-core-3.24.2.jar:/home/david/.m2/repository/org/awaitility/awaitility/4.2.0/awaitility-4.2.0.jar:/home/david/.m2/repository/org/hamcrest/hamcrest/2.2/hamcrest-2.2.jar:/home/david/.m2/repository/org/junit/jupiter/junit-jupiter/5.10.2/junit-jupiter-5.10.2.jar:/home/david/.m2/repository/org/junit/jupiter/junit-jupiter-api/5.10.2/junit-jupiter-api-5.10.2.jar:/home/david/.m2/repository/org/opentest4j/opentest4j/1.3.0/opentest4j-1.3.0.jar:/home/david/.m2/repository/org/junit/platform/junit-platform-commons/1.10.2/junit-platform-commons-1.10.2.jar:/home/david/.m2/repository/org/apiguardian/apiguardian-api/1.1.2/apiguardian-api-1.1.2.jar:/home/david/.m2/repository/org/junit/jupiter/junit-jupiter-params/5.10.2/junit-jupiter-params-5.10.2.jar:/home/david/.m2/repository/org/junit/jupiter/junit-jupiter-engine/5.10.2/junit-jupiter-engine-5.10.2.jar:/home/david/.m2/repository/org/junit/platform/junit-platform-engine/1.10.2/junit-platform-engine-1.10.2.jar:/home/david/.m2/repository/org/mockito/mockito-core/5.7.0/mockito-core-5.7.0.jar:/home/david/.m2/repository/net/bytebuddy/byte-buddy-agent/1.14.12/byte-buddy-agent-1.14.12.jar:/home/david/.m2/repository/org/objenesis/objenesis/3.3/objenesis-3.3.jar:/home/david/.m2/repository/org/mockito/mockito-junit-jupiter/5.7.0/mockito-junit-jupiter-5.7.0.jar:/home/david/.m2/repository/org/skyscreamer/jsonassert/1.5.1/jsonassert-1.5.1.jar:/home/david/.m2/repository/com/vaadin/external/google/android-json/0.0.20131108.vaadin1/android-json-0.0.20131108.vaadin1.jar:/home/david/.m2/repository/org/springframework/spring-core/6.1.5/spring-core-6.1.5.jar:/home/david/.m2/repository/org/springframework/spring-jcl/6.1.5/spring-jcl-6.1.5.jar:/home/david/.m2/repository/org/springframework/spring-test/6.1.5/spring-test-6.1.5.jar:/home/david/.m2/repository/org/xmlunit/xmlunit-core/2.9.1/xmlunit-core-2.9.1.jar:/home/david/.m2/repository/org/springframework/security/spring-security-test/6.2.3/spring-security-test-6.2.3.jar:/home/david/.m2/repository/org/springframework/security/spring-security-core/6.2.3/spring-security-core-6.2.3.jar:/home/david/.m2/repository/org/springframework/security/spring-security-crypto/6.2.3/spring-security-crypto-6.2.3.jar:/home/david/.m2/repository/org/springdoc/springdoc-openapi-starter-webmvc-ui/2.5.0/springdoc-openapi-starter-webmvc-ui-2.5.0.jar:/home/david/.m2/repository/org/springdoc/springdoc-openapi-starter-webmvc-api/2.5.0/springdoc-openapi-starter-webmvc-api-2.5.0.jar:/home/david/.m2/repository/org/springdoc/springdoc-openapi-starter-common/2.5.0/springdoc-openapi-starter-common-2.5.0.jar:/home/david/.m2/repository/io/swagger/core/v3/swagger-core-jakarta/2.2.21/swagger-core-jakarta-2.2.21.jar:/home/david/.m2/repository/org/apache/commons/commons-lang3/3.13.0/commons-lang3-3.13.0.jar:/home/david/.m2/repository/io/swagger/core/v3/swagger-annotations-jakarta/2.2.21/swagger-annotations-jakarta-2.2.21.jar:/home/david/.m2/repository/io/swagger/core/v3/swagger-models-jakarta/2.2.21/swagger-models-jakarta-2.2.21.jar:/home/david/.m2/repository/com/fasterxml/jackson/dataformat/jackson-dataformat-yaml/2.15.4/jackson-dataformat-yaml-2.15.4.jar:/home/david/.m2/repository/org/webjars/swagger-ui/5.13.0/swagger-ui-5.13.0.jar:/home/david/.m2/repository/org/springframework/boot/spring-boot-starter-validation/3.2.4/spring-boot-starter-validation-3.2.4.jar:/home/david/.m2/repository/org/apache/tomcat/embed/tomcat-embed-el/10.1.19/tomcat-embed-el-10.1.19.jar:/home/david/.m2/repository/org/hibernate/validator/hibernate-validator/8.0.1.Final/hibernate-validator-8.0.1.Final.jar:/home/david/.m2/repository/jakarta/validation/jakarta.validation-api/3.0.2/jakarta.validation-api-3.0.2.jar:/home/david/.m2/repository/org/xhtmlrenderer/flying-saucer-pdf/9.7.2/flying-saucer-pdf-9.7.2.jar:/home/david/.m2/repository/org/xhtmlrenderer/flying-saucer-core/9.7.2/flying-saucer-core-9.7.2.jar:/home/david/.m2/repository/com/github/librepdf/openpdf/2.0.2/openpdf-2.0.2.jar:/home/david/.m2/repository/com/google/code/findbugs/jsr305/3.0.2/jsr305-3.0.2.jar:/home/david/.m2/repository/org/slf4j/slf4j-api/2.0.12/slf4j-api-2.0.12.jar:/home/david/.m2/repository/org/springframework/boot/spring-boot-starter-thymeleaf/3.2.5/spring-boot-starter-thymeleaf-3.2.5.jar:/home/david/.m2/repository/org/thymeleaf/thymeleaf-spring6/3.1.2.RELEASE/thymeleaf-spring6-3.1.2.RELEASE.jar:/home/david/.m2/repository/nz/net/ultraq/thymeleaf/thymeleaf-layout-dialect/3.3.0/thymeleaf-layout-dialect-3.3.0.jar:/home/david/.m2/repository/org/apache/groovy/groovy/4.0.20/groovy-4.0.20.jar:/home/david/.m2/repository/nz/net/ultraq/groovy/groovy-extensions/2.1.0/groovy-extensions-2.1.0.jar:/home/david/.m2/repository/nz/net/ultraq/thymeleaf/thymeleaf-expression-processor/3.2.0/thymeleaf-expression-processor-3.2.0.jar:/home/david/.m2/repository/org/thymeleaf/thymeleaf/3.1.2.RELEASE/thymeleaf-3.1.2.RELEASE.jar:/home/david/.m2/repository/ognl/ognl/3.3.4/ognl-3.3.4.jar:/home/david/.m2/repository/org/javassist/javassist/3.29.0-GA/javassist-3.29.0-GA.jar:/home/david/.m2/repository/org/attoparser/attoparser/2.0.7.RELEASE/attoparser-2.0.7.RELEASE.jar:/home/david/.m2/repository/org/unbescape/unbescape/1.1.6.RELEASE/unbescape-1.1.6.RELEASE.jar:/home/david/.m2/repository/com/github/jtidy/jtidy/1.0.5/jtidy-1.0.5.jar:"/>
    <property name="sun.cpu.endian" value="little"/>
    <property name="user.home" value="/home/david"/>
    <property name="user.language" value="en"/>
    <property name="java.specification.vendor" value="Oracle Corporation"/>
    <property name="java.version.date" value="2024-01-16"/>
    <property name="java.home" value="/home/david/.jdks/corretto-21.0.2"/>
    <property name="file.separator" value="/"/>
    <property name="basedir" value="/home/david/Documents/blumbit/spring-angular-v3/cursos-online-service"/>
    <property name="java.vm.compressedOopsMode" value="Zero based"/>
    <property name="line.separator" value="&#10;"/>
    <property name="java.vm.specification.vendor" value="Oracle Corporation"/>
    <property name="java.specification.name" value="Java Platform API Specification"/>
    <property name="FILE_LOG_CHARSET" value="UTF-8"/>
    <property name="java.awt.headless" value="true"/>
    <property name="surefire.real.class.path" value="/home/david/Documents/blumbit/spring-angular-v3/cursos-online-service/target/surefire/surefirebooter-20240526204836864_3.jar"/>
    <property name="sun.management.compiler" value="HotSpot 64-Bit Tiered Compilers"/>
    <property name="java.runtime.version" value="21.0.2+14-LTS"/>
    <property name="user.name" value="david"/>
    <property name="stdout.encoding" value="UTF-8"/>
    <property name="path.separator" value=":"/>
    <property name="os.version" value="6.5.0-35-generic"/>
    <property name="java.runtime.name" value="OpenJDK Runtime Environment"/>
    <property name="file.encoding" value="UTF-8"/>
    <property name="java.vm.name" value="OpenJDK 64-Bit Server VM"/>
    <property name="java.vendor.version" value="Corretto-21.0.2.14.1"/>
    <property name="localRepository" value="/home/david/.m2/repository"/>
    <property name="java.vendor.url.bug" value="https://github.com/corretto/corretto-21/issues/"/>
    <property name="java.io.tmpdir" value="/tmp"/>
    <property name="idea.version" value="2023.3.4"/>
    <property name="com.zaxxer.hikari.pool_number" value="1"/>
    <property name="java.version" value="21.0.2"/>
    <property name="user.dir" value="/home/david/Documents/blumbit/spring-angular-v3/cursos-online-service"/>
    <property name="os.arch" value="amd64"/>
    <property name="java.vm.specification.name" value="Java Virtual Machine Specification"/>
    <property name="PID" value="49118"/>
    <property name="CONSOLE_LOG_CHARSET" value="UTF-8"/>
    <property name="native.encoding" value="UTF-8"/>
    <property name="java.library.path" value="/usr/java/packages/lib:/usr/lib64:/lib64:/lib:/usr/lib"/>
    <property name="java.vm.info" value="mixed mode, sharing"/>
    <property name="stderr.encoding" value="UTF-8"/>
    <property name="java.vendor" value="Amazon.com Inc."/>
    <property name="java.vm.version" value="21.0.2+14-LTS"/>
    <property name="sun.io.unicode.encoding" value="UnicodeLittle"/>
    <property name="java.class.version" value="65.0"/>
    <property name="LOGGED_APPLICATION_NAME" value="[cursos-online-service] "/>
  </properties>
  <testcase name="contextLoads" classname="com.blumbit.cursosonlineservice.CursosOnlineServiceApplicationTests" time="1.201">
    <system-out><![CDATA[20:48:41.960 [main] INFO org.springframework.test.context.support.AnnotationConfigContextLoaderUtils -- Could not detect default configuration classes for test class [com.blumbit.cursosonlineservice.CursosOnlineServiceApplicationTests]: CursosOnlineServiceApplicationTests does not declare any static, non-private, non-final, nested classes annotated with @Configuration.
20:48:42.233 [main] INFO org.springframework.boot.test.context.SpringBootTestContextBootstrapper -- Found @SpringBootConfiguration com.blumbit.cursosonlineservice.CursosOnlineServiceApplication for test class com.blumbit.cursosonlineservice.CursosOnlineServiceApplicationTests
20:48:42.969 [main] INFO org.springframework.boot.devtools.restart.RestartApplicationListener -- Restart disabled due to context in which it is running

  .   ____          _            __ _ _
 /\\ / ___'_ __ _ _(_)_ __  __ _ \ \ \ \
( ( )\___ | '_ | '_| | '_ \/ _` | \ \ \ \
 \\/  ___)| |_)| | | | | || (_| |  ) ) ) )
  '  |____| .__|_| |_|_| |_\__, | / / / /
 =========|_|==============|___/=/_/_/_/
 :: Spring Boot ::                (v3.2.4)

2024-05-26T20:48:43.670-04:00  INFO 49118 --- [cursos-online-service] [           main] .b.c.CursosOnlineServiceApplicationTests : Starting CursosOnlineServiceApplicationTests using Java 21.0.2 with PID 49118 (started by david in /home/david/Documents/blumbit/spring-angular-v3/cursos-online-service)
2024-05-26T20:48:43.674-04:00  INFO 49118 --- [cursos-online-service] [           main] .b.c.CursosOnlineServiceApplicationTests : No active profile set, falling back to 1 default profile: "default"
2024-05-26T20:48:48.165-04:00  INFO 49118 --- [cursos-online-service] [           main] .s.d.r.c.RepositoryConfigurationDelegate : Bootstrapping Spring Data JPA repositories in DEFAULT mode.
2024-05-26T20:48:48.351-04:00  INFO 49118 --- [cursos-online-service] [           main] .s.d.r.c.RepositoryConfigurationDelegate : Finished Spring Data repository scanning in 169 ms. Found 5 JPA repository interfaces.
2024-05-26T20:48:50.887-04:00  INFO 49118 --- [cursos-online-service] [           main] o.hibernate.jpa.internal.util.LogHelper  : HHH000204: Processing PersistenceUnitInfo [name: default]
2024-05-26T20:48:51.265-04:00  INFO 49118 --- [cursos-online-service] [           main] org.hibernate.Version                    : HHH000412: Hibernate ORM core version 6.4.4.Final
2024-05-26T20:48:51.372-04:00  INFO 49118 --- [cursos-online-service] [           main] o.h.c.internal.RegionFactoryInitiator    : HHH000026: Second-level cache disabled
2024-05-26T20:48:52.394-04:00  INFO 49118 --- [cursos-online-service] [           main] o.s.o.j.p.SpringPersistenceUnitInfo      : No LoadTimeWeaver setup: ignoring JPA class transformer
2024-05-26T20:48:52.548-04:00  INFO 49118 --- [cursos-online-service] [           main] com.zaxxer.hikari.HikariDataSource       : HikariPool-1 - Starting...
2024-05-26T20:48:54.171-04:00  INFO 49118 --- [cursos-online-service] [           main] com.zaxxer.hikari.pool.HikariPool        : HikariPool-1 - Added connection org.postgresql.jdbc.PgConnection@7fb44737
2024-05-26T20:48:54.174-04:00  INFO 49118 --- [cursos-online-service] [           main] com.zaxxer.hikari.HikariDataSource       : HikariPool-1 - Start completed.
2024-05-26T20:48:54.502-04:00  WARN 49118 --- [cursos-online-service] [           main] org.hibernate.orm.deprecation            : HHH90000025: PostgreSQLDialect does not need to be specified explicitly using 'hibernate.dialect' (remove the property setting and it will be selected by default)
2024-05-26T20:48:58.252-04:00  INFO 49118 --- [cursos-online-service] [           main] o.h.e.t.j.p.i.JtaPlatformInitiator       : HHH000489: No JTA platform available (set 'hibernate.transaction.jta.platform' to enable JTA platform integration)
Hibernate: alter table if exists curso drop constraint if exists FK8l40qs4ugbem73ib8vr90qtwa
Hibernate: alter table if exists usuario drop constraint if exists FKrttwlc0klpwecgkp12pvd4n5r
Hibernate: alter table if exists usuario_curso drop constraint if exists FKpx3sy7m0gj3i0ulqpdu6ry7t1
Hibernate: alter table if exists usuario_curso drop constraint if exists FK40xbbcr2lboou77i8ap21t324
Hibernate: drop table if exists categoria cascade
Hibernate: drop table if exists curso cascade
Hibernate: drop table if exists rol cascade
Hibernate: drop table if exists usuario cascade
Hibernate: drop table if exists usuario_curso cascade
Hibernate: drop sequence if exists categoria_seq
Hibernate: drop sequence if exists curso_seq
Hibernate: drop sequence if exists rol_seq
Hibernate: drop sequence if exists usuario_curso_seq
Hibernate: drop sequence if exists usuario_seq
Hibernate: create sequence categoria_seq start with 1 increment by 50
Hibernate: create sequence curso_seq start with 1 increment by 50
Hibernate: create sequence rol_seq start with 1 increment by 50
Hibernate: create sequence usuario_curso_seq start with 1 increment by 50
Hibernate: create sequence usuario_seq start with 1 increment by 50
Hibernate: create table categoria (cat_id smallint not null, estado bool default false, usuario_creacion smallint, cat_nombre varchar(100), cat_correlativo varchar(255), cat_descripcion varchar(255), primary key (cat_id))
Hibernate: create table curso (categoria_cat_id smallint, cur_estado boolean, cur_id smallint not null, cur_banner varchar(255), cur_descripcion varchar(255), cur_nombre varchar(255), primary key (cur_id))
Hibernate: create table rol (rol_id smallint not null, nombre varchar(255), rol_descripcion varchar(255), primary key (rol_id))
Hibernate: create table usuario (rol_rol_id smallint, usu_id smallint not null, usu_is_locked boolean, usu_password varchar(100), usu_avatar varchar(255), usu_usuario varchar(255) unique, primary key (usu_id))
Hibernate: create table usuario_curso (cur_id smallint not null, usu_id smallint not null, usucur_id integer not null, usucur_fecha_registro timestamp(6), primary key (usucur_id))
Hibernate: alter table if exists curso add constraint FK8l40qs4ugbem73ib8vr90qtwa foreign key (categoria_cat_id) references categoria
Hibernate: alter table if exists usuario add constraint FKrttwlc0klpwecgkp12pvd4n5r foreign key (rol_rol_id) references rol
Hibernate: alter table if exists usuario_curso add constraint FKpx3sy7m0gj3i0ulqpdu6ry7t1 foreign key (cur_id) references curso
Hibernate: alter table if exists usuario_curso add constraint FK40xbbcr2lboou77i8ap21t324 foreign key (usu_id) references usuario
2024-05-26T20:49:00.213-04:00  INFO 49118 --- [cursos-online-service] [           main] j.LocalContainerEntityManagerFactoryBean : Initialized JPA EntityManagerFactory for persistence unit 'default'
2024-05-26T20:49:03.184-04:00  WARN 49118 --- [cursos-online-service] [           main] JpaBaseConfiguration$JpaWebConfiguration : spring.jpa.open-in-view is enabled by default. Therefore, database queries may be performed during view rendering. Explicitly configure spring.jpa.open-in-view to disable this warning
2024-05-26T20:49:03.727-04:00  INFO 49118 --- [cursos-online-service] [           main] o.s.s.web.DefaultSecurityFilterChain     : Will secure any request with [org.springframework.security.web.session.DisableEncodeUrlFilter@354ff4f6, org.springframework.security.web.context.request.async.WebAsyncManagerIntegrationFilter@315bb2bb, org.springframework.security.web.context.SecurityContextHolderFilter@41f3f64, org.springframework.security.web.header.HeaderWriterFilter@54351197, org.springframework.web.filter.CorsFilter@57e35236, org.springframework.security.web.authentication.logout.LogoutFilter@32192a69, com.blumbit.cursosonlineservice.util.config.JWTFilter@19877453, org.springframework.security.web.savedrequest.RequestCacheAwareFilter@3956df0a, org.springframework.security.web.servletapi.SecurityContextHolderAwareRequestFilter@739500b8, org.springframework.security.web.authentication.AnonymousAuthenticationFilter@7c9015c6, org.springframework.security.web.session.SessionManagementFilter@7786c2e0, org.springframework.security.web.access.ExceptionTranslationFilter@137a70f1, org.springframework.security.web.access.intercept.AuthorizationFilter@c9234a0]
2024-05-26T20:49:04.551-04:00  INFO 49118 --- [cursos-online-service] [           main] .b.c.CursosOnlineServiceApplicationTests : Started CursosOnlineServiceApplicationTests in 21.618 seconds (process running for 26.663)
Hibernate: select nextval('usuario_seq')
Hibernate: select nextval('usuario_seq')
Hibernate: insert into usuario (usu_avatar,usu_is_locked,usu_password,rol_rol_id,usu_usuario,usu_id) values (?,?,?,?,?,?)
Hibernate: insert into usuario (usu_avatar,usu_is_locked,usu_password,rol_rol_id,usu_usuario,usu_id) values (?,?,?,?,?,?)
Hibernate: insert into usuario (usu_avatar,usu_is_locked,usu_password,rol_rol_id,usu_usuario,usu_id) values (?,?,?,?,?,?)
Hibernate: select nextval('categoria_seq')
Hibernate: select nextval('categoria_seq')
Hibernate: insert into categoria (cat_correlativo,cat_descripcion,cat_nombre,estado,usuario_creacion,cat_id) values (?,?,?,?,?,?)
Hibernate: insert into categoria (cat_correlativo,cat_descripcion,cat_nombre,estado,usuario_creacion,cat_id) values (?,?,?,?,?,?)
Hibernate: insert into categoria (cat_correlativo,cat_descripcion,cat_nombre,estado,usuario_creacion,cat_id) values (?,?,?,?,?,?)
Hibernate: select nextval('curso_seq')
Hibernate: select nextval('curso_seq')
Hibernate: insert into curso (categoria_cat_id,cur_banner,cur_descripcion,cur_estado,cur_nombre,cur_id) values (?,?,?,?,?,?)
Hibernate: insert into curso (categoria_cat_id,cur_banner,cur_descripcion,cur_estado,cur_nombre,cur_id) values (?,?,?,?,?,?)
Hibernate: insert into curso (categoria_cat_id,cur_banner,cur_descripcion,cur_estado,cur_nombre,cur_id) values (?,?,?,?,?,?)
Hibernate: insert into curso (categoria_cat_id,cur_banner,cur_descripcion,cur_estado,cur_nombre,cur_id) values (?,?,?,?,?,?)
Hibernate: insert into curso (categoria_cat_id,cur_banner,cur_descripcion,cur_estado,cur_nombre,cur_id) values (?,?,?,?,?,?)
Hibernate: insert into curso (categoria_cat_id,cur_banner,cur_descripcion,cur_estado,cur_nombre,cur_id) values (?,?,?,?,?,?)
Hibernate: insert into curso (categoria_cat_id,cur_banner,cur_descripcion,cur_estado,cur_nombre,cur_id) values (?,?,?,?,?,?)
]]></system-out>
    <system-err><![CDATA[WARNING: A Java agent has been loaded dynamically (/home/david/.m2/repository/net/bytebuddy/byte-buddy-agent/1.14.12/byte-buddy-agent-1.14.12.jar)
WARNING: If a serviceability tool is in use, please run with -XX:+EnableDynamicAgentLoading to hide this warning
WARNING: If a serviceability tool is not in use, please run with -Djdk.instrument.traceUsage for more information
WARNING: Dynamic loading of agents will be disallowed by default in a future release
]]></system-err>
  </testcase>
</testsuite>